<?xml version="1.0" encoding="UTF-8"?>
<!-- Generated by org.testng.reporters.JUnitReportReporter -->
<testsuite hostname="DESKTOP-V19UTEJ" failures="0" tests="1" name="org.restassured.TestNgApi" time="8.730" errors="0" timestamp="17 May 2023 11:49:36 GMT" skipped="0">
  <testcase classname="org.restassured.TestNgApi" name="getRequest" time="8.730"/>
</testsuite> <!-- org.restassured.TestNgApi -->
